<?xml version="1.0" encoding="UTF-8"?>
<coverage generated="1561703941748" clover="3.2.0">
  <project timestamp="1561703941748" name="All files">
    <metrics statements="44" coveredstatements="36" conditionals="9" coveredconditionals="4" methods="16" coveredmethods="9" elements="69" coveredelements="49" complexity="0" loc="44" ncloc="44" packages="4" files="4" classes="4"/>
    <package name="__test__">
      <metrics statements="15" coveredstatements="12" conditionals="4" coveredconditionals="3" methods="4" coveredmethods="2"/>
      <file name="supergoose.js" path="/Users/john/codefellows/guides/401-js/curriculum/class-08/demo/api-server/__test__/supergoose.js">
        <metrics statements="15" coveredstatements="12" conditionals="4" coveredconditionals="3" methods="4" coveredmethods="2"/>
        <line num="8" count="1" type="stmt"/>
        <line num="9" count="1" type="stmt"/>
        <line num="10" count="1" type="stmt"/>
        <line num="15" count="1" type="stmt"/>
        <line num="17" count="1" type="stmt"/>
        <line num="19" count="1" type="stmt"/>
        <line num="24" count="1" type="stmt"/>
        <line num="28" count="1" type="stmt"/>
        <line num="29" count="1" type="cond" truecount="2" falsecount="0"/>
        <line num="32" count="1" type="stmt"/>
        <line num="33" count="1" type="stmt"/>
        <line num="35" count="1" type="cond" truecount="1" falsecount="1"/>
        <line num="36" count="0" type="stmt"/>
        <line num="37" count="0" type="stmt"/>
        <line num="38" count="0" type="stmt"/>
      </file>
    </package>
    <package name="lib">
      <metrics statements="8" coveredstatements="6" conditionals="3" coveredconditionals="0" methods="2" coveredmethods="0"/>
      <file name="server.js" path="/Users/john/codefellows/guides/401-js/curriculum/class-08/demo/api-server/lib/server.js">
        <metrics statements="8" coveredstatements="6" conditionals="3" coveredconditionals="0" methods="2" coveredmethods="0"/>
        <line num="3" count="1" type="stmt"/>
        <line num="6" count="1" type="stmt"/>
        <line num="8" count="1" type="stmt"/>
        <line num="10" count="1" type="stmt"/>
        <line num="13" count="1" type="stmt"/>
        <line num="15" count="1" type="stmt"/>
        <line num="18" count="0" type="cond" truecount="0" falsecount="3"/>
        <line num="19" count="0" type="stmt"/>
      </file>
    </package>
    <package name="models">
      <metrics statements="7" coveredstatements="6" conditionals="2" coveredconditionals="1" methods="4" coveredmethods="3"/>
      <file name="people-model.js" path="/Users/john/codefellows/guides/401-js/curriculum/class-08/demo/api-server/models/people-model.js">
        <metrics statements="7" coveredstatements="6" conditionals="2" coveredconditionals="1" methods="4" coveredmethods="3"/>
        <line num="6" count="2" type="stmt"/>
        <line num="17" count="2" type="stmt"/>
        <line num="20" count="0" type="stmt"/>
        <line num="31" count="4" type="stmt"/>
        <line num="32" count="4" type="stmt"/>
        <line num="33" count="4" type="stmt"/>
        <line num="38" count="2" type="stmt"/>
      </file>
    </package>
    <package name="routes">
      <metrics statements="14" coveredstatements="12" conditionals="0" coveredconditionals="0" methods="6" coveredmethods="4"/>
      <file name="people.js" path="/Users/john/codefellows/guides/401-js/curriculum/class-08/demo/api-server/routes/people.js">
        <metrics statements="14" coveredstatements="12" conditionals="0" coveredconditionals="0" methods="6" coveredmethods="4"/>
        <line num="3" count="1" type="stmt"/>
        <line num="5" count="1" type="stmt"/>
        <line num="7" count="1" type="stmt"/>
        <line num="8" count="1" type="stmt"/>
        <line num="10" count="1" type="stmt"/>
        <line num="11" count="1" type="stmt"/>
        <line num="12" count="1" type="stmt"/>
        <line num="15" count="0" type="stmt"/>
        <line num="17" count="0" type="stmt"/>
        <line num="23" count="1" type="stmt"/>
        <line num="25" count="1" type="stmt"/>
        <line num="31" count="2" type="stmt"/>
        <line num="33" count="2" type="stmt"/>
        <line num="38" count="1" type="stmt"/>
      </file>
    </package>
  </project>
</coverage>
