TN:
SF:/Users/john/codefellows/guides/401-js/curriculum/class-08/demo/api-server/__test__/supergoose.js
FN:14,startDB
FN:27,stopDB
FN:36,(anonymous_2)
FN:37,(anonymous_3)
FNF:4
FNH:2
FNDA:1,startDB
FNDA:1,stopDB
FNDA:0,(anonymous_2)
FNDA:0,(anonymous_3)
DA:8,1
DA:9,1
DA:10,1
DA:15,1
DA:17,1
DA:19,1
DA:24,1
DA:28,1
DA:29,1
DA:32,1
DA:33,1
DA:35,1
DA:36,0
DA:37,0
DA:38,0
LF:15
LH:12
BRDA:29,0,0,1
BRDA:29,0,1,1
BRDA:35,1,0,0
BRDA:35,1,1,1
BRF:4
BRH:3
end_of_record
TN:
SF:/Users/john/codefellows/guides/401-js/curriculum/class-08/demo/api-server/lib/server.js
FN:17,(anonymous_0)
FN:19,(anonymous_1)
FNF:2
FNH:0
FNDA:0,(anonymous_0)
FNDA:0,(anonymous_1)
DA:3,1
DA:6,1
DA:8,1
DA:10,1
DA:13,1
DA:15,1
DA:18,0
DA:19,0
LF:8
LH:6
BRDA:18,0,0,0
BRDA:18,0,1,0
BRDA:18,0,2,0
BRF:3
BRH:0
end_of_record
TN:
SF:/Users/john/codefellows/guides/401-js/curriculum/class-08/demo/api-server/models/people-model.js
FN:5,(anonymous_0)
FN:16,(anonymous_1)
FN:20,(anonymous_2)
FN:30,(anonymous_3)
FNF:4
FNH:3
FNDA:2,(anonymous_0)
FNDA:2,(anonymous_1)
FNDA:0,(anonymous_2)
FNDA:4,(anonymous_3)
DA:6,2
DA:17,2
DA:20,0
DA:31,4
DA:32,4
DA:33,4
DA:38,2
LF:7
LH:6
BRDA:18,0,0,2
BRDA:18,0,1,0
BRF:2
BRH:1
end_of_record
TN:
SF:/Users/john/codefellows/guides/401-js/curriculum/class-08/demo/api-server/routes/people.js
FN:14,getPeople
FN:16,(anonymous_1)
FN:22,getPerson
FN:24,(anonymous_3)
FN:30,addPerson
FN:32,(anonymous_5)
FNF:6
FNH:4
FNDA:0,getPeople
FNDA:0,(anonymous_1)
FNDA:1,getPerson
FNDA:1,(anonymous_3)
FNDA:2,addPerson
FNDA:2,(anonymous_5)
DA:3,1
DA:5,1
DA:7,1
DA:8,1
DA:10,1
DA:11,1
DA:12,1
DA:15,0
DA:17,0
DA:23,1
DA:25,1
DA:31,2
DA:33,2
DA:38,1
LF:14
LH:12
BRF:0
BRH:0
end_of_record
